Start testing: Apr 19 04:17 UTC
----------------------------------------------------------
1/1 Testing: genkat_crypto_aead_asconaead128_ref
1/1 Test: genkat_crypto_aead_asconaead128_ref
Command: "/usr/local/bin/cmake" "-DEXE_NAME=genkat_crypto_aead_asconaead128_ref" "-DALG=asconaead128" "-DCRYPTO=aead" "-DSRC_DIR=/home/runner/work/ascon-c/ascon-c" "-DBIN_DIR=/home/runner/work/ascon-c/ascon-c/build_trace" "-DEMULATOR=" "-DCONFIG=Release" "-P" "/home/runner/work/ascon-c/ascon-c/tests/genkat.cmake"
Directory: /home/runner/work/ascon-c/ascon-c/build_trace
"genkat_crypto_aead_asconaead128_ref" start time: Apr 19 04:17 UTC
Output:
----------------------------------------------------------
<end of output>
Test time =   0.01 sec
----------------------------------------------------------
Test Passed.
"genkat_crypto_aead_asconaead128_ref" end time: Apr 19 04:17 UTC
"genkat_crypto_aead_asconaead128_ref" time elapsed: 00:00:00
----------------------------------------------------------

End testing: Apr 19 04:17 UTC
